#[system:error] : insert;
#[error:num]:     1406;
#[error]:         <font color="#FF0000">Data too long for column 'tp_new_value' at row 1;</font>
#[uid]:           1;
#[ip]:            ::1;
#[page]:          /tarhpich/api/v1/pages/update_about_us;
#[file]:          application/control/api.php;
#[class]:         api;
#[method]:        v1;
#[date]:          2023-10-01 15:14:52;
#[data]:          
api/v1/pages/update_about_us=;
#[sql]:
 INSERT INTO `backup_query` (`tp_uid`,`tp_table`,`tp_field`,`tp_record`,`tp_new_value`,`tp_old_value`,`tp_ip`,`tp_req`,`tp_date`) VALUES (
                            '1',
                            'tp_pages_about_us_policy',
                            'tp_desc',
                            '3',
                            '[sl]p[sr]رئیس فدراسیون فوتبال درباره ایdddنکه آیا خودش به مربی داخلی رغبت دارد یا خارجی، گفت[colon] در نظرسنجی[and]zwnj[semi][and]zwnj[semi]ها خیلی از مردم به سمت مربی خارجی رفته[and]zwnj[semi]اند[dot] این چیزی است که به اطلاع فدراسیون رسیده اما در داخل کشور نیز سرمربیان خوبی داریم که بتوانند تیم ملی را هدایت کنند[dot] اگر شد با همین نفرات بسم[and]zwnj[semi]الله می[and]zwnj[semi]گوییم در غیر این صورت ان[and]zwnj[semi]شاءالله از سرمربی خارجی استفاده می[and]zwnj[semi]کنیم[dot][sl]/p[sr]',
                            'رئیس فدراسیون فوتبال درباره اینکه آیا خودش به مربی داخلی رغبت دارد یا خارجی، گفت: در نظرسنجی‌‌ها خیلی از مردم به سمت مربی خارجی رفته‌اند. این چیزی است که به اطلاع فدراسیون رسیده اما در داخل کشور نیز سرمربیان خوبی داریم که بتوانند تیم ملی را هدایت کنند. اگر شد با همین نفرات بسم‌الله می‌گوییم در غیر این صورت ان‌شاءالله از سرمربی خارجی استفاده می‌کنیم.',
                            '::1',
                            'api/v1/pages/update_about_us',
                            now());
#______________________________________________________________________
 
 
#[system:error] : insert;
#[error:num]:     1406;
#[error]:         <font color="#FF0000">Data too long for column 'tp_new_value' at row 1;</font>
#[uid]:           1;
#[ip]:            ::1;
#[page]:          /tarhpich/api/v1/pages/update_about_us;
#[file]:          application/control/api.php;
#[class]:         api;
#[method]:        v1;
#[date]:          2023-10-01 15:17:01;
#[data]:          
api/v1/pages/update_about_us=;
#[sql]:
 INSERT INTO `backup_query` (`tp_uid`,`tp_table`,`tp_field`,`tp_record`,`tp_new_value`,`tp_old_value`,`tp_ip`,`tp_req`,`tp_date`) VALUES (
                            '1',
                            'tp_pages_about_us_policy',
                            'tp_desc',
                            '3',
                            '[sl]p[sr]رئیس فدراسیون فوتبال درباره ایdddنکه آیا خودش به مربی داخلی رغبت دارد یا خارجی، گفت[colon] در نظرسنجی[and]zwnj[semi][and]zwnj[semi]ها خیلی از مردم به سمت مربی خارجی رفته[and]zwnj[semi]اند[dot] این چیزی است که به اطلاع فدراسیون رسیده اما در داخل کشور نیز سرمربیان خوبی داریم که بتوانند تیم ملی را هدایت کنند[dot] اگر شد با همین نفرات بسم[and]zwnj[semi]الله می[and]zwnj[semi]گوییم در غیر این صورت ان[and]zwnj[semi]شاءالله از سرمربی خارجی استفاده می[and]zwnj[semi]کنیم[dot][sl]/p[sr]',
                            'رئیس فدراسیون فوتبال درباره اینکه آیا خودش به مربی داخلی رغبت دارد یا خارجی، گفت: در نظرسنجی‌‌ها خیلی از مردم به سمت مربی خارجی رفته‌اند. این چیزی است که به اطلاع فدراسیون رسیده اما در داخل کشور نیز سرمربیان خوبی داریم که بتوانند تیم ملی را هدایت کنند. اگر شد با همین نفرات بسم‌الله می‌گوییم در غیر این صورت ان‌شاءالله از سرمربی خارجی استفاده می‌کنیم.',
                            '::1',
                            'api/v1/pages/update_about_us',
                            now());
#______________________________________________________________________
 
 
#[system:error] : insert;
#[error:num]:     1406;
#[error]:         <font color="#FF0000">Data too long for column 'tp_new_value' at row 1;</font>
#[uid]:           1;
#[ip]:            ::1;
#[page]:          /tarhpich/api/v1/pages/update_about_us;
#[file]:          application/control/api.php;
#[class]:         api;
#[method]:        v1;
#[date]:          2023-10-01 15:17:25;
#[data]:          
api/v1/pages/update_about_us=;
#[sql]:
 INSERT INTO `backup_query` (`tp_uid`,`tp_table`,`tp_field`,`tp_record`,`tp_new_value`,`tp_old_value`,`tp_ip`,`tp_req`,`tp_date`) VALUES (
                            '1',
                            'tp_pages_about_us_policy',
                            'tp_desc',
                            '3',
                            '[sl]p[sr]رئیس فدراسیون فوتبال درباره ایdddنکه آیا خودش به مربی داخلی رغبت دارد یا خارجی، گفت[colon] در نظرسنجی[and]zwnj[semi][and]zwnj[semi]ها خیلی از مردم به سمت مربی خارجی رفته[and]zwnj[semi]اند[dot] این چیزی است که به اطلاع فدراسیون رسیده اما در داخل کشور نیز سرمربیان خوبی داریم که بتوانند تیم ملی را هدایت کنند[dot] اگر شد با همین نفرات بسم[and]zwnj[semi]الله می[and]zwnj[semi]گوییم در غیر این صورت ان[and]zwnj[semi]شاءالله از سرمربی خارجی استفاده می[and]zwnj[semi]کنیم[dot][sl]/p[sr]',
                            'رئیس فدراسیون فوتبال درباره اینکه آیا خودش به مربی داخلی رغبت دارد یا خارجی، گفت: در نظرسنجی‌‌ها خیلی از مردم به سمت مربی خارجی رفته‌اند. این چیزی است که به اطلاع فدراسیون رسیده اما در داخل کشور نیز سرمربیان خوبی داریم که بتوانند تیم ملی را هدایت کنند. اگر شد با همین نفرات بسم‌الله می‌گوییم در غیر این صورت ان‌شاءالله از سرمربی خارجی استفاده می‌کنیم.',
                            '::1',
                            'api/v1/pages/update_about_us',
                            now());
#______________________________________________________________________
 
 
#[system:error] : insert;
#[error:num]:     1406;
#[error]:         <font color="#FF0000">Data too long for column 'tp_old_value' at row 1;</font>
#[uid]:           1;
#[ip]:            ::1;
#[page]:          /tarhpich/api/v1/pages/update_about_us;
#[file]:          application/control/api.php;
#[class]:         api;
#[method]:        v1;
#[date]:          2023-10-01 15:19:06;
#[data]:          
api/v1/pages/update_about_us=;
#[sql]:
 INSERT INTO `backup_query` (`tp_uid`,`tp_table`,`tp_field`,`tp_record`,`tp_new_value`,`tp_old_value`,`tp_ip`,`tp_req`,`tp_date`) VALUES (
                            '1',
                            'tp_pages_about_us_policy',
                            'tp_desc',
                            '3',
                            '[sl]p[sr]d[sl]/p[sr]',
                            '[sl]p[sr]رئیس فدراسیون فوتبال درباره اینکه آیا خودش به مربی داخلی رغبت دارد یا خارجی، گفت[colon] در نظرسنجی[and]zwnj[semi][and]zwnj[semi]ها خیلی از مردم به سمت مربی خارجی رفته[and]zwnj[semi]اند[dot] این چیزی است که به اطلاع فدراسیون رسیده اما در داخل کشور نیز سرمربیان خوبی داریم که بتوانند تیم ملی را هدایت کنند[dot] اگر شد با همین نفرات بسم[and]zwnj[semi]الله می[and]zwnj[semi]گوییم در غیر این صورت ان[and]zwnj[semi]شاءالله از سرمربی خارجی استفاده می[and]zwnj[semi]کنیم[dot]d[sl]/p[sr]',
                            '::1',
                            'api/v1/pages/update_about_us',
                            now());
#______________________________________________________________________
 
 
#[system:error] : insert;
#[error:num]:     1406;
#[error]:         <font color="#FF0000">Data too long for column 'tp_new_value' at row 1;</font>
#[uid]:           1;
#[ip]:            ::1;
#[page]:          /tarhpich/api/v1/pages/update_about_us;
#[file]:          application/control/api.php;
#[class]:         api;
#[method]:        v1;
#[date]:          2023-10-01 15:38:18;
#[data]:          
api/v1/pages/update_about_us=;
#[sql]:
 INSERT INTO `backup_query` (`tp_uid`,`tp_table`,`tp_field`,`tp_record`,`tp_new_value`,`tp_old_value`,`tp_ip`,`tp_req`,`tp_date`) VALUES (
                            '1',
                            'tp_pages_about_us_policy',
                            'tp_desc',
                            '3',
                            'LEFT( [sl]p[sr]ddqwdqwddwq[sl]/p[sr]
[sl]p[sr]ddqwdqwddwq[sl]/p[sr]
[sl]p[sr]ddqwdqwddwq[sl]/p[sr]
[sl]p[sr]ddqwdqwddwq[sl]/p[sr]
[sl]p[sr]ddqwdqwddwq[sl]/p[sr]
[sl]p[sr]ddqwdqwddwq[sl]/p[sr]
[sl]p[sr]ddqwdqwddwq[sl]/p[sr]
[sl]p[sr]ddqwdqwddwq[sl]/p[sr]
[sl]p[sr]ddqwdqwddwq[sl]/p[sr]
[sl]p[sr]ddqwdqwddwq[sl]/p[sr]
[sl]p[sr]ddqwdqwddwq[sl]/p[sr],255)',
                            'LEFT( [sl]p[sr]ddqwd[sl]/p[sr],255)',
                            '::1',
                            'api/v1/pages/update_about_us',
                            now());
#______________________________________________________________________
 
 
#[system:error] : insert;
#[error:num]:     1305;
#[error]:         <font color="#FF0000">FUNCTION tarhpich.AutoInc does not exist;</font>
#[uid]:           1;
#[ip]:            ::1;
#[page]:          /tarhpich/api/cv1/ticket;
#[file]:          application/control/api.php;
#[class]:         api;
#[method]:        cv1;
#[date]:          2023-10-10 12:44:19;
#[data]:          
api/cv1/ticket=;
#[sql]:
 INSERT INTO 
            `tp_tickets`  
            (`tp_rid`, `tp_title`, `tp_priority`, `tp_mid`, `tp_has_file` ,`tp_number` , `tp_date` )
            VALUES( 1, '', 1, 1, 'no',AutoInc(), now() )
        ;
#______________________________________________________________________
 
 
#[system:error] : insert;
#[error:num]:     1449;
#[error]:         <font color="#FF0000">The user specified as a definer ('setakarang'@'localhost') does not exist;</font>
#[uid]:           1;
#[ip]:            ::1;
#[page]:          /tarhpich/api/cv1/ticket;
#[file]:          application/control/api.php;
#[class]:         api;
#[method]:        cv1;
#[date]:          2023-10-10 12:50:26;
#[data]:          
api/cv1/ticket=;
#[sql]:
 INSERT INTO
            `tp_tickets`
            (`tp_rid`, `tp_title`, `tp_priority`, `tp_mid`, `tp_has_file` ,`tp_number` , `tp_date` )
            VALUES( 1, '', 1, 1, 'no',AutoInc(), now() )
        ;
#______________________________________________________________________
 
 
#[system:error] : insert;
#[error:num]:     1449;
#[error]:         <font color="#FF0000">The user specified as a definer ('tarhpich'@'localhost') does not exist;</font>
#[uid]:           1;
#[ip]:            ::1;
#[page]:          /tarhpich/api/cv1/ticket;
#[file]:          application/control/api.php;
#[class]:         api;
#[method]:        cv1;
#[date]:          2023-10-10 12:50:51;
#[data]:          
api/cv1/ticket=;
#[sql]:
 INSERT INTO
            `tp_tickets`
            (`tp_rid`, `tp_title`, `tp_priority`, `tp_mid`, `tp_has_file` ,`tp_number` , `tp_date` )
            VALUES( 1, '', 1, 1, 'no',AutoInc(), now() )
        ;
#______________________________________________________________________
 
 
#[system:error] : insert;
#[error:num]:     1146;
#[error]:         <font color="#FF0000">Table 'tarhpich.sp_tickets' doesn't exist;</font>
#[uid]:           1;
#[ip]:            ::1;
#[page]:          /tarhpich/api/cv1/ticket;
#[file]:          application/control/api.php;
#[class]:         api;
#[method]:        cv1;
#[date]:          2023-10-10 12:52:05;
#[data]:          
api/cv1/ticket=;
#[sql]:
 INSERT INTO
            `tp_tickets`
            (`tp_rid`, `tp_title`, `tp_priority`, `tp_mid`, `tp_has_file` ,`tp_number` , `tp_date` )
            VALUES( 1, '', 1, 1, 'no',AutoInc(), now() )
        ;
#______________________________________________________________________
 
 
#[system:error] : insert;
#[error:num]:     1054;
#[error]:         <font color="#FF0000">Unknown column 'sp_number' in 'field list';</font>
#[uid]:           1;
#[ip]:            ::1;
#[page]:          /tarhpich/api/cv1/ticket;
#[file]:          application/control/api.php;
#[class]:         api;
#[method]:        cv1;
#[date]:          2023-10-10 12:52:32;
#[data]:          
api/cv1/ticket=;
#[sql]:
 INSERT INTO
            `tp_tickets`
            (`tp_rid`, `tp_title`, `tp_priority`, `tp_mid`, `tp_has_file` ,`tp_number` , `tp_date` )
            VALUES( 1, '', 1, 1, 'no',AutoInc(), now() )
        ;
#______________________________________________________________________
 
 
#[system:error] : insert;
#[error:num]:     1054;
#[error]:         <font color="#FF0000">Unknown column 'member' in 'field list';</font>
#[uid]:           1;
#[ip]:            ::1;
#[page]:          /tarhpich/api/cv1/ticket/reply;
#[file]:          application/control/api.php;
#[class]:         api;
#[method]:        cv1;
#[date]:          2023-10-10 13:05:36;
#[data]:          
api/cv1/ticket/reply=;
#[sql]:
 INSERT INTO
            `tp_ticket_comments`
            (`tp_tid`,tp_umid ,`tp_text`,tp_date, tp_user_type)
            VALUES( 47,'1','qddqdd',now(),member )
        ;
#______________________________________________________________________
 
 
#[system:error] : insert;
#[error:num]:     1406;
#[error]:         <font color="#FF0000">Data too long for column 'tp_req' at row 1;</font>
#[uid]:           0;
#[ip]:            ::1;
#[page]:          /tarhpich/api/cv1/product/list?page=1&limit=5&total=undefined&sort=0&sort_type=DESC&q=&q_type=&is_premium=premium&dimensions=100-200Cm&resulation=200dpi&layer=1&filetype=image&cid=2;
#[file]:          ;
#[class]:         ;
#[method]:        ;
#[date]:          2023-10-12 15:31:59;
#[data]:          
api/cv1/product/list=;
#[sql]:
 
            INSERT INTO
                `log_url`
            SET
              `tp_uid`   = '0'
            , `tp_file`  = 'application/control/api.php'
            , `tp_req`   = '/tarhpich/api/cv1/product/list_qupage_isq1_andlimit_isq5_andtotal_isqundefined_andsort_isq0_andsort_type_isqDESC_andq_isq_andq_type_isq_andis_premium_isqpremium_anddimensions_isq100-200Cm_andresulation_isq200dpi_andlayer_isq1_and_type_isqimage_andcid_isq2'
            , `tp_class` = 'api'
            , `tp_method`= 'cv1'
            , `tp_ip`    = '::1'
            , `tp_agent` = 'Mozilla/5.0 (X11; Linux x86_64) AppleWebKit/537.36 (KHTML, like Gecko) Chrome/117.0.0.0 Safari/537.36' 
            , `tp_ajax`  = '0'
            , `tp_mac`   = ''
            , `tp_ref`   = 'http://localhost/tarhpich/designers/zahra_moghadam_quis_premium_isqpremium_anddimensions_isq100-200Cm_andresulation_isq200dpi_andlayer_isq1_and_type_isqimage_andcid_isq2'
            , `tp_date`  = now()
        ;
#______________________________________________________________________
 
 
#[system:error] : insert;
#[error:num]:     1406;
#[error]:         <font color="#FF0000">Data too long for column 'tp_req' at row 1;</font>
#[uid]:           0;
#[ip]:            ::1;
#[page]:          /tarhpich/api/cv1/product/list?page=1&limit=5&total=undefined&sort=0&sort_type=DESC&q=&q_type=&is_premium=premium&resulation=72dpi&layer=1&filetype=image&cid=1&dimensions=100-200Cm;
#[file]:          ;
#[class]:         ;
#[method]:        ;
#[date]:          2023-10-12 15:35:56;
#[data]:          
api/cv1/product/list=;
#[sql]:
 
            INSERT INTO
                `log_url`
            SET
              `tp_uid`   = '0'
            , `tp_file`  = 'application/control/api.php'
            , `tp_req`   = '/tarhpich/api/cv1/product/list_qupage_isq1_andlimit_isq5_andtotal_isqundefined_andsort_isq0_andsort_type_isqDESC_andq_isq_andq_type_isq_andis_premium_isqpremium_andresulation_isq72dpi_andlayer_isq1_and_type_isqimage_andcid_isq1_anddimensions_isq100-200Cm'
            , `tp_class` = 'api'
            , `tp_method`= 'cv1'
            , `tp_ip`    = '::1'
            , `tp_agent` = 'Mozilla/5.0 (X11; Linux x86_64) AppleWebKit/537.36 (KHTML, like Gecko) Chrome/117.0.0.0 Safari/537.36' 
            , `tp_ajax`  = '0'
            , `tp_mac`   = ''
            , `tp_ref`   = 'http://localhost/tarhpich/designers/zahra_moghadam_quis_premium_isqpremium_andresulation_isq72dpi_andlayer_isq1_and_type_isqimage_andcid_isq1_anddimensions_isq100-200Cm'
            , `tp_date`  = now()
        ;
#______________________________________________________________________
 
 
#[system:error] : insert;
#[error:num]:     1406;
#[error]:         <font color="#FF0000">Data too long for column 'tp_req' at row 1;</font>
#[uid]:           0;
#[ip]:            ::1;
#[page]:          /tarhpich/api/cv1/product/list?page=1&limit=5&total=undefined&sort=0&sort_type=DESC&q=&q_type=&is_premium=free&resulation=72dpi&layer=1&filetype=image&cid=1&dimensions=100-200Cm;
#[file]:          ;
#[class]:         ;
#[method]:        ;
#[date]:          2023-10-12 15:35:58;
#[data]:          
api/cv1/product/list=;
#[sql]:
 
            INSERT INTO
                `log_url`
            SET
              `tp_uid`   = '0'
            , `tp_file`  = 'application/control/api.php'
            , `tp_req`   = '/tarhpich/api/cv1/product/list_qupage_isq1_andlimit_isq5_andtotal_isqundefined_andsort_isq0_andsort_type_isqDESC_andq_isq_andq_type_isq_andis_premium_isqfree_andresulation_isq72dpi_andlayer_isq1_and_type_isqimage_andcid_isq1_anddimensions_isq100-200Cm'
            , `tp_class` = 'api'
            , `tp_method`= 'cv1'
            , `tp_ip`    = '::1'
            , `tp_agent` = 'Mozilla/5.0 (X11; Linux x86_64) AppleWebKit/537.36 (KHTML, like Gecko) Chrome/117.0.0.0 Safari/537.36' 
            , `tp_ajax`  = '0'
            , `tp_mac`   = ''
            , `tp_ref`   = 'http://localhost/tarhpich/designers/zahra_moghadam_quis_premium_isqfree_andresulation_isq72dpi_andlayer_isq1_and_type_isqimage_andcid_isq1_anddimensions_isq100-200Cm'
            , `tp_date`  = now()
        ;
#______________________________________________________________________
 
 
#[system:error] : insert;
#[error:num]:     1406;
#[error]:         <font color="#FF0000">Data too long for column 'tp_req' at row 1;</font>
#[uid]:           0;
#[ip]:            ::1;
#[page]:          /tarhpich/api/cv1/product/list?page=1&limit=5&total=undefined&sort=0&sort_type=DESC&q=&q_type=&is_premium=free&resulation=72dpi&layer=1&filetype=image&cid=2&dimensions=100-200Cm;
#[file]:          ;
#[class]:         ;
#[method]:        ;
#[date]:          2023-10-12 15:36:00;
#[data]:          
api/cv1/product/list=;
#[sql]:
 
            INSERT INTO
                `log_url`
            SET
              `tp_uid`   = '0'
            , `tp_file`  = 'application/control/api.php'
            , `tp_req`   = '/tarhpich/api/cv1/product/list_qupage_isq1_andlimit_isq5_andtotal_isqundefined_andsort_isq0_andsort_type_isqDESC_andq_isq_andq_type_isq_andis_premium_isqfree_andresulation_isq72dpi_andlayer_isq1_and_type_isqimage_andcid_isq2_anddimensions_isq100-200Cm'
            , `tp_class` = 'api'
            , `tp_method`= 'cv1'
            , `tp_ip`    = '::1'
            , `tp_agent` = 'Mozilla/5.0 (X11; Linux x86_64) AppleWebKit/537.36 (KHTML, like Gecko) Chrome/117.0.0.0 Safari/537.36' 
            , `tp_ajax`  = '0'
            , `tp_mac`   = ''
            , `tp_ref`   = 'http://localhost/tarhpich/designers/zahra_moghadam_quis_premium_isqfree_andresulation_isq72dpi_andlayer_isq1_and_type_isqimage_andcid_isq2_anddimensions_isq100-200Cm'
            , `tp_date`  = now()
        ;
#______________________________________________________________________
 
 
#[system:error] : insert;
#[error:num]:     1406;
#[error]:         <font color="#FF0000">Data too long for column 'tp_req' at row 1;</font>
#[uid]:           0;
#[ip]:            ::1;
#[page]:          /tarhpich/api/cv1/product/list?page=1&limit=5&total=undefined&sort=0&sort_type=DESC&q=&q_type=&is_premium=free&resulation=72dpi&layer=1&filetype=video&cid=2&dimensions=100-200Cm;
#[file]:          ;
#[class]:         ;
#[method]:        ;
#[date]:          2023-10-12 15:36:01;
#[data]:          
api/cv1/product/list=;
#[sql]:
 
            INSERT INTO
                `log_url`
            SET
              `tp_uid`   = '0'
            , `tp_file`  = 'application/control/api.php'
            , `tp_req`   = '/tarhpich/api/cv1/product/list_qupage_isq1_andlimit_isq5_andtotal_isqundefined_andsort_isq0_andsort_type_isqDESC_andq_isq_andq_type_isq_andis_premium_isqfree_andresulation_isq72dpi_andlayer_isq1_and_type_isqvideo_andcid_isq2_anddimensions_isq100-200Cm'
            , `tp_class` = 'api'
            , `tp_method`= 'cv1'
            , `tp_ip`    = '::1'
            , `tp_agent` = 'Mozilla/5.0 (X11; Linux x86_64) AppleWebKit/537.36 (KHTML, like Gecko) Chrome/117.0.0.0 Safari/537.36' 
            , `tp_ajax`  = '0'
            , `tp_mac`   = ''
            , `tp_ref`   = 'http://localhost/tarhpich/designers/zahra_moghadam_quis_premium_isqfree_andresulation_isq72dpi_andlayer_isq1_and_type_isqvideo_andcid_isq2_anddimensions_isq100-200Cm'
            , `tp_date`  = now()
        ;
#______________________________________________________________________
 
 
#[system:error] : insert;
#[error:num]:     1406;
#[error]:         <font color="#FF0000">Data too long for column 'tp_req' at row 1;</font>
#[uid]:           0;
#[ip]:            ::1;
#[page]:          /tarhpich/api/cv1/product/list?page=1&limit=5&total=undefined&sort=0&sort_type=DESC&q=&q_type=&is_premium=free&resulation=72dpi&layer=1&filetype=stock&cid=2&dimensions=100-200Cm;
#[file]:          ;
#[class]:         ;
#[method]:        ;
#[date]:          2023-10-12 15:36:03;
#[data]:          
api/cv1/product/list=;
#[sql]:
 
            INSERT INTO
                `log_url`
            SET
              `tp_uid`   = '0'
            , `tp_file`  = 'application/control/api.php'
            , `tp_req`   = '/tarhpich/api/cv1/product/list_qupage_isq1_andlimit_isq5_andtotal_isqundefined_andsort_isq0_andsort_type_isqDESC_andq_isq_andq_type_isq_andis_premium_isqfree_andresulation_isq72dpi_andlayer_isq1_and_type_isqstock_andcid_isq2_anddimensions_isq100-200Cm'
            , `tp_class` = 'api'
            , `tp_method`= 'cv1'
            , `tp_ip`    = '::1'
            , `tp_agent` = 'Mozilla/5.0 (X11; Linux x86_64) AppleWebKit/537.36 (KHTML, like Gecko) Chrome/117.0.0.0 Safari/537.36' 
            , `tp_ajax`  = '0'
            , `tp_mac`   = ''
            , `tp_ref`   = 'http://localhost/tarhpich/designers/zahra_moghadam_quis_premium_isqfree_andresulation_isq72dpi_andlayer_isq1_and_type_isqstock_andcid_isq2_anddimensions_isq100-200Cm'
            , `tp_date`  = now()
        ;
#______________________________________________________________________
 
 
#[system:error] : insert;
#[error:num]:     1366;
#[error]:         <font color="#FF0000">Incorrect integer value: '' for column `tarhpich`.`tp_member_favorites`.`tp_pid` at row 1;</font>
#[uid]:           0;
#[ip]:            ::1;
#[page]:          /tarhpich/api/cv1/product/add_to_favorites;
#[file]:          application/control/api.php;
#[class]:         api;
#[method]:        cv1;
#[date]:          2023-10-12 15:52:43;
#[data]:          
api/cv1/product/add_to_favorites=;
#[sql]:
 
            INSERT INTO
                `tp_member_favorites`
            SET
                tp_mid = '1',
                tp_pid = '',
                tp_date   = now()
        ;
#______________________________________________________________________
 
 
#[system:error] : insert;
#[error:num]:     1366;
#[error]:         <font color="#FF0000">Incorrect integer value: '' for column `tarhpich`.`tp_member_favorites`.`tp_pid` at row 1;</font>
#[uid]:           0;
#[ip]:            ::1;
#[page]:          /tarhpich/api/cv1/product/add_to_favorites;
#[file]:          application/control/api.php;
#[class]:         api;
#[method]:        cv1;
#[date]:          2023-10-12 15:53:14;
#[data]:          
api/cv1/product/add_to_favorites=;
#[sql]:
 
            INSERT INTO
                `tp_member_favorites`
            SET
                tp_mid = '1',
                tp_pid = '',
                tp_date   = now()
        ;
#______________________________________________________________________
 
 
#[system:error] : insert;
#[error:num]:     1064;
#[error]:         <font color="#FF0000">You have an error in your SQL syntax; check the manual that corresponds to your MariaDB server version for the right syntax to use near '
                tp_date   = now()' at line 5;</font>
#[uid]:           0;
#[ip]:            ::1;
#[page]:          /tarhpich/api/cv1/product/add_to_favorites;
#[file]:          application/control/api.php;
#[class]:         api;
#[method]:        cv1;
#[date]:          2023-10-12 15:54:04;
#[data]:          
api/cv1/product/add_to_favorites=;
#[sql]:
 
            INSERT INTO
                `tp_member_favorites`
            SET
                tp_mid = 1,
                tp_pid = ,
                tp_date   = now()
        ;
#______________________________________________________________________
 
 
#[system:error] : insert;
#[error:num]:     1064;
#[error]:         <font color="#FF0000">You have an error in your SQL syntax; check the manual that corresponds to your MariaDB server version for the right syntax to use near '
                tp_date   = now()' at line 5;</font>
#[uid]:           0;
#[ip]:            ::1;
#[page]:          /tarhpich/api/cv1/product/add_to_favorites;
#[file]:          application/control/api.php;
#[class]:         api;
#[method]:        cv1;
#[date]:          2023-10-12 15:54:37;
#[data]:          
api/cv1/product/add_to_favorites=;
#[sql]:
 
            INSERT INTO
                `tp_member_favorites`
            SET
                tp_mid = 1,
                tp_pid = ,
                tp_date   = now()
        ;
#______________________________________________________________________
 
 
#[system:error] : insert;
#[error:num]:     1064;
#[error]:         <font color="#FF0000">You have an error in your SQL syntax; check the manual that corresponds to your MariaDB server version for the right syntax to use near 'SET
				tp_mid			= 4,
				tp_publish		= 0,
				tp_pbid			= ,
				tp_pid		...' at line 3;</font>
#[uid]:           0;
#[ip]:            ::1;
#[page]:          /tarhpich/api/cv1/comment;
#[file]:          application/control/api.php;
#[class]:         api;
#[method]:        cv1;
#[date]:          2023-10-18 14:51:16;
#[data]:          
api/cv1/comment=;
#[sql]:
 INSERT INTO
                
            SET
				tp_mid			= 4,
				tp_publish		= 0,
				tp_pbid			= ,
				tp_pid			= 6,
				tp_rate			= '0',
				tp_uid			= 0,
				tp_text			= '',
                tp_date       = now()
        ;
#______________________________________________________________________
 
 
#[system:error] : insert;
#[error:num]:     1064;
#[error]:         <font color="#FF0000">You have an error in your SQL syntax; check the manual that corresponds to your MariaDB server version for the right syntax to use near '
				tp_pid			= 6,
				tp_rate			= '0',
				tp_uid			= 0,
				tp_text			=...' at line 6;</font>
#[uid]:           0;
#[ip]:            ::1;
#[page]:          /tarhpich/api/cv1/comment;
#[file]:          application/control/api.php;
#[class]:         api;
#[method]:        cv1;
#[date]:          2023-10-18 14:55:37;
#[data]:          
api/cv1/comment=;
#[sql]:
 INSERT INTO
                tp_product_comments
            SET
				tp_mid			= 1,
				tp_publish		= pend,
				tp_pbid			= ,
				tp_pid			= 6,
				tp_rate			= '0',
				tp_uid			= 0,
				tp_text			= 'qwdwqdqwd',
                tp_date       = now()
        ;
#______________________________________________________________________
 
 
#[system:error] : insert;
#[error:num]:     1406;
#[error]:         <font color="#FF0000">Data too long for column 'tp_req' at row 1;</font>
#[uid]:           0;
#[ip]:            ::1;
#[page]:          /tarhpich/api/cv1/product/list?page=1&limit=5&total=3&sort=0&sort_type=DESC&q=&q_type=&filetype=%5Bobject+Object%5D&dimensions=%5Bobject+Object%5D&color_mode=%5Bobject+Object%5D&format=%5Bobject+Object%5D&layer=%5Bobject+Object%5D&resulation=%5Bobject+Object%5D;
#[file]:          ;
#[class]:         ;
#[method]:        ;
#[date]:          2023-10-30 14:49:05;
#[data]:          
api/cv1/product/list=;
#[sql]:
 
            INSERT INTO
                `log_url`
            SET
              `tp_uid`   = '0'
            , `tp_file`  = 'application/control/api.php'
            , `tp_req`   = '/tarhpich/api/cv1/product/list_qupage_isq1_andlimit_isq5_andtotal_isq3_andsort_isq0_andsort_type_isqDESC_andq_isq_andq_type_isq_and_type_isq_per5B_sumObject_per5D_anddimensions_isq_per5B_sumObject_per5D_andcolor_mode_isq_per5B_sumObject_per5D_andat_isq_per5B_sumObject_per5D_andlayer_isq_per5B_sumObject_per5D_andresulation_isq_per5B_sumObject_per5D'
            , `tp_class` = 'api'
            , `tp_method`= 'cv1'
            , `tp_ip`    = '::1'
            , `tp_agent` = 'Mozilla/5.0 (X11; Linux x86_64) AppleWebKit/537.36 (KHTML, like Gecko) Chrome/117.0.0.0 Safari/537.36' 
            , `tp_ajax`  = '0'
            , `tp_mac`   = ''
            , `tp_ref`   = 'http://localhost/tarhpich/search'
            , `tp_date`  = now()
        ;
#______________________________________________________________________
 
 
#[system:error] : insert;
#[error:num]:     1406;
#[error]:         <font color="#FF0000">Data too long for column 'tp_req' at row 1;</font>
#[uid]:           0;
#[ip]:            ::1;
#[page]:          /tarhpich/api/cv1/product/list?page=1&limit=5&total=3&sort=0&sort_type=DESC&q=&q_type=&filetype=%5Bobject+Object%5D&dimensions=%5Bobject+Object%5D&color_mode=%5Bobject+Object%5D&format=%5Bobject+Object%5D&layer=%5Bobject+Object%5D&resulation=%5Bobject+Object%5D;
#[file]:          ;
#[class]:         ;
#[method]:        ;
#[date]:          2023-10-30 14:52:29;
#[data]:          
api/cv1/product/list=;
#[sql]:
 
            INSERT INTO
                `log_url`
            SET
              `tp_uid`   = '0'
            , `tp_file`  = 'application/control/api.php'
            , `tp_req`   = '/tarhpich/api/cv1/product/list_qupage_isq1_andlimit_isq5_andtotal_isq3_andsort_isq0_andsort_type_isqDESC_andq_isq_andq_type_isq_and_type_isq_per5B_sumObject_per5D_anddimensions_isq_per5B_sumObject_per5D_andcolor_mode_isq_per5B_sumObject_per5D_andat_isq_per5B_sumObject_per5D_andlayer_isq_per5B_sumObject_per5D_andresulation_isq_per5B_sumObject_per5D'
            , `tp_class` = 'api'
            , `tp_method`= 'cv1'
            , `tp_ip`    = '::1'
            , `tp_agent` = 'Mozilla/5.0 (X11; Linux x86_64) AppleWebKit/537.36 (KHTML, like Gecko) Chrome/117.0.0.0 Safari/537.36' 
            , `tp_ajax`  = '0'
            , `tp_mac`   = ''
            , `tp_ref`   = 'http://localhost/tarhpich/search'
            , `tp_date`  = now()
        ;
#______________________________________________________________________
 
 
#[system:error] : insert;
#[error:num]:     1406;
#[error]:         <font color="#FF0000">Data too long for column 'tp_req' at row 1;</font>
#[uid]:           0;
#[ip]:            ::1;
#[page]:          /tarhpich/api/cv1/product/list?page=1&limit=5&total=3&sort=0&sort_type=DESC&q=&q_type=&filetype=%5Bobject+Object%5D&dimensions=%5Bobject+Object%5D&color_mode=%5Bobject+Object%5D&format=%5Bobject+Object%5D&layer=%5Bobject+Object%5D&resulation=%5Bobject+Object%5D;
#[file]:          ;
#[class]:         ;
#[method]:        ;
#[date]:          2023-10-30 14:53:19;
#[data]:          
api/cv1/product/list=;
#[sql]:
 
            INSERT INTO
                `log_url`
            SET
              `tp_uid`   = '0'
            , `tp_file`  = 'application/control/api.php'
            , `tp_req`   = '/tarhpich/api/cv1/product/list_qupage_isq1_andlimit_isq5_andtotal_isq3_andsort_isq0_andsort_type_isqDESC_andq_isq_andq_type_isq_and_type_isq_per5B_sumObject_per5D_anddimensions_isq_per5B_sumObject_per5D_andcolor_mode_isq_per5B_sumObject_per5D_andat_isq_per5B_sumObject_per5D_andlayer_isq_per5B_sumObject_per5D_andresulation_isq_per5B_sumObject_per5D'
            , `tp_class` = 'api'
            , `tp_method`= 'cv1'
            , `tp_ip`    = '::1'
            , `tp_agent` = 'Mozilla/5.0 (X11; Linux x86_64) AppleWebKit/537.36 (KHTML, like Gecko) Chrome/117.0.0.0 Safari/537.36' 
            , `tp_ajax`  = '0'
            , `tp_mac`   = ''
            , `tp_ref`   = 'http://localhost/tarhpich/search'
            , `tp_date`  = now()
        ;
#______________________________________________________________________
 
 
#[system:error] : insert;
#[error:num]:     1406;
#[error]:         <font color="#FF0000">Data too long for column 'tp_req' at row 1;</font>
#[uid]:           0;
#[ip]:            ::1;
#[page]:          /tarhpich/api/cv1/product/list?page=1&limit=5&total=3&sort=0&sort_type=DESC&q=&q_type=&filetype=%5Bobject+Object%5D&dimensions=%5Bobject+Object%5D&color_mode=%5Bobject+Object%5D&format=%5Bobject+Object%5D&layer=%5Bobject+Object%5D&resulation=%5Bobject+Object%5D;
#[file]:          ;
#[class]:         ;
#[method]:        ;
#[date]:          2023-10-30 14:53:30;
#[data]:          
api/cv1/product/list=;
#[sql]:
 
            INSERT INTO
                `log_url`
            SET
              `tp_uid`   = '0'
            , `tp_file`  = 'application/control/api.php'
            , `tp_req`   = '/tarhpich/api/cv1/product/list_qupage_isq1_andlimit_isq5_andtotal_isq3_andsort_isq0_andsort_type_isqDESC_andq_isq_andq_type_isq_and_type_isq_per5B_sumObject_per5D_anddimensions_isq_per5B_sumObject_per5D_andcolor_mode_isq_per5B_sumObject_per5D_andat_isq_per5B_sumObject_per5D_andlayer_isq_per5B_sumObject_per5D_andresulation_isq_per5B_sumObject_per5D'
            , `tp_class` = 'api'
            , `tp_method`= 'cv1'
            , `tp_ip`    = '::1'
            , `tp_agent` = 'Mozilla/5.0 (X11; Linux x86_64) AppleWebKit/537.36 (KHTML, like Gecko) Chrome/117.0.0.0 Safari/537.36' 
            , `tp_ajax`  = '0'
            , `tp_mac`   = ''
            , `tp_ref`   = 'http://localhost/tarhpich/search'
            , `tp_date`  = now()
        ;
#______________________________________________________________________
 
 
#[system:error] : insert;
#[error:num]:     1406;
#[error]:         <font color="#FF0000">Data too long for column 'tp_req' at row 1;</font>
#[uid]:           0;
#[ip]:            ::1;
#[page]:          /tarhpich/api/cv1/product/list?page=1&limit=5&total=3&sort=0&sort_type=DESC&q=&q_type=&filetype=&dimensions=%5Bobject+Object%5D&color_mode=%5Bobject+Object%5D&format=%5Bobject+Object%5D&layer=%5Bobject+Object%5D&resulation=%5Bobject+Object%5D;
#[file]:          ;
#[class]:         ;
#[method]:        ;
#[date]:          2023-10-30 14:54:18;
#[data]:          
api/cv1/product/list=;
#[sql]:
 
            INSERT INTO
                `log_url`
            SET
              `tp_uid`   = '0'
            , `tp_file`  = 'application/control/api.php'
            , `tp_req`   = '/tarhpich/api/cv1/product/list_qupage_isq1_andlimit_isq5_andtotal_isq3_andsort_isq0_andsort_type_isqDESC_andq_isq_andq_type_isq_and_type_isq_anddimensions_isq_per5B_sumObject_per5D_andcolor_mode_isq_per5B_sumObject_per5D_andat_isq_per5B_sumObject_per5D_andlayer_isq_per5B_sumObject_per5D_andresulation_isq_per5B_sumObject_per5D'
            , `tp_class` = 'api'
            , `tp_method`= 'cv1'
            , `tp_ip`    = '::1'
            , `tp_agent` = 'Mozilla/5.0 (X11; Linux x86_64) AppleWebKit/537.36 (KHTML, like Gecko) Chrome/117.0.0.0 Safari/537.36' 
            , `tp_ajax`  = '0'
            , `tp_mac`   = ''
            , `tp_ref`   = 'http://localhost/tarhpich/search'
            , `tp_date`  = now()
        ;
#______________________________________________________________________
 
 
#[system:error] : insert;
#[error:num]:     1406;
#[error]:         <font color="#FF0000">Data too long for column 'tp_req' at row 1;</font>
#[uid]:           0;
#[ip]:            ::1;
#[page]:          /tarhpich/api/cv1/product/list?page=1&limit=5&total=undefined&sort=0&sort_type=DESC&q=&q_type=&filetype=image%2Cstock%2Cvideo&dimensions=&color_mode=&format=&layer=&resulation=;
#[file]:          ;
#[class]:         ;
#[method]:        ;
#[date]:          2023-10-30 15:06:00;
#[data]:          
api/cv1/product/list=;
#[sql]:
 
            INSERT INTO
                `log_url`
            SET
              `tp_uid`   = '0'
            , `tp_file`  = 'application/control/api.php'
            , `tp_req`   = '/tarhpich/api/cv1/product/list_qupage_isq1_andlimit_isq5_andtotal_isqundefined_andsort_isq0_andsort_type_isqDESC_andq_isq_andq_type_isq_and_type_isqimage_per2Cstock_per2Cvideo_anddimensions_isq_andcolor_mode_isq_andat_isq_andlayer_isq_andresulation_isq'
            , `tp_class` = 'api'
            , `tp_method`= 'cv1'
            , `tp_ip`    = '::1'
            , `tp_agent` = 'Mozilla/5.0 (X11; Linux x86_64) AppleWebKit/537.36 (KHTML, like Gecko) Chrome/117.0.0.0 Safari/537.36' 
            , `tp_ajax`  = '0'
            , `tp_mac`   = ''
            , `tp_ref`   = 'http://localhost/tarhpich/search_qu_type_isqimage_per2Cstock_per2Cvideo'
            , `tp_date`  = now()
        ;
#______________________________________________________________________
 
 
#[system:error] : insert;
#[error:num]:     1406;
#[error]:         <font color="#FF0000">Data too long for column 'tp_req' at row 1;</font>
#[uid]:           0;
#[ip]:            ::1;
#[page]:          /tarhpich/api/cv1/product/list?page=1&limit=5&total=undefined&sort=0&sort_type=DESC&q=&q_type=&filetype=&dimensions=&color_mode=&format=&layer=&resulation=1024*120%2C1024*120;
#[file]:          ;
#[class]:         ;
#[method]:        ;
#[date]:          2023-10-30 15:29:30;
#[data]:          
api/cv1/product/list=;
#[sql]:
 
            INSERT INTO
                `log_url`
            SET
              `tp_uid`   = '0'
            , `tp_file`  = 'application/control/api.php'
            , `tp_req`   = '/tarhpich/api/cv1/product/list_qupage_isq1_andlimit_isq5_andtotal_isqundefined_andsort_isq0_andsort_type_isqDESC_andq_isq_andq_type_isq_and_type_isq_anddimensions_isq_andcolor_mode_isq_andat_isq_andlayer_isq_andresulation_isq1024_star120_per2C1024_star120'
            , `tp_class` = 'api'
            , `tp_method`= 'cv1'
            , `tp_ip`    = '::1'
            , `tp_agent` = 'Mozilla/5.0 (X11; Linux x86_64) AppleWebKit/537.36 (KHTML, like Gecko) Chrome/117.0.0.0 Safari/537.36' 
            , `tp_ajax`  = '0'
            , `tp_mac`   = ''
            , `tp_ref`   = 'http://localhost/tarhpich/search_quresulation_isq1024_star120_per2C1024_star120'
            , `tp_date`  = now()
        ;
#______________________________________________________________________
 
 
#[system:error] : insert;
#[error:num]:     1406;
#[error]:         <font color="#FF0000">Data too long for column 'tp_req' at row 1;</font>
#[uid]:           0;
#[ip]:            ::1;
#[page]:          /tarhpich/api/cv1/product/list?page=1&limit=5&total=undefined&sort=0&sort_type=DESC&q=&q_type=&filetype=&dimensions=&color_mode=&format=&layer=&resulation=free%2C1024*120%2C100dpi;
#[file]:          ;
#[class]:         ;
#[method]:        ;
#[date]:          2023-10-30 15:34:55;
#[data]:          
api/cv1/product/list=;
#[sql]:
 
            INSERT INTO
                `log_url`
            SET
              `tp_uid`   = '0'
            , `tp_file`  = 'application/control/api.php'
            , `tp_req`   = '/tarhpich/api/cv1/product/list_qupage_isq1_andlimit_isq5_andtotal_isqundefined_andsort_isq0_andsort_type_isqDESC_andq_isq_andq_type_isq_and_type_isq_anddimensions_isq_andcolor_mode_isq_andat_isq_andlayer_isq_andresulation_isqfree_per2C1024_star120_per2C100dpi'
            , `tp_class` = 'api'
            , `tp_method`= 'cv1'
            , `tp_ip`    = '::1'
            , `tp_agent` = 'Mozilla/5.0 (X11; Linux x86_64) AppleWebKit/537.36 (KHTML, like Gecko) Chrome/117.0.0.0 Safari/537.36' 
            , `tp_ajax`  = '0'
            , `tp_mac`   = ''
            , `tp_ref`   = 'http://localhost/tarhpich/search_quresulation_isqfree_per2C1024_star120_per2C100dpi'
            , `tp_date`  = now()
        ;
#______________________________________________________________________
 
 
#[system:error] : insert;
#[error:num]:     1406;
#[error]:         <font color="#FF0000">Data too long for column 'tp_req' at row 1;</font>
#[uid]:           0;
#[ip]:            ::1;
#[page]:          /tarhpich/api/cv1/product/list?page=1&limit=5&total=undefined&sort=0&sort_type=DESC&q=&q_type=&filetype=vector%2Cimage&dimensions=&color_mode=&format=psd%2Cai&layer=&resulation=;
#[file]:          ;
#[class]:         ;
#[method]:        ;
#[date]:          2023-10-30 16:13:43;
#[data]:          
api/cv1/product/list=;
#[sql]:
 
            INSERT INTO
                `log_url`
            SET
              `tp_uid`   = '0'
            , `tp_file`  = 'application/control/api.php'
            , `tp_req`   = '/tarhpich/api/cv1/product/list_qupage_isq1_andlimit_isq5_andtotal_isqundefined_andsort_isq0_andsort_type_isqDESC_andq_isq_andq_type_isq_and_type_isqvector_per2Cimage_anddimensions_isq_andcolor_mode_isq_andat_isqpsd_per2Cai_andlayer_isq_andresulation_isq'
            , `tp_class` = 'api'
            , `tp_method`= 'cv1'
            , `tp_ip`    = '::1'
            , `tp_agent` = 'Mozilla/5.0 (X11; Linux x86_64) AppleWebKit/537.36 (KHTML, like Gecko) Chrome/117.0.0.0 Safari/537.36' 
            , `tp_ajax`  = '0'
            , `tp_mac`   = ''
            , `tp_ref`   = 'http://localhost/tarhpich/search_quat_isqpsd_per2Cai_and_type_isqvector_per2Cimage'
            , `tp_date`  = now()
        ;
#______________________________________________________________________
 
 
#[system:error] : insert;
#[error:num]:     1406;
#[error]:         <font color="#FF0000">Data too long for column 'tp_req' at row 1;</font>
#[uid]:           0;
#[ip]:            ::1;
#[page]:          /tarhpich/api/cv1/product/list?page=1&limit=5&total=undefined&sort=0&sort_type=DESC&q=&q_type=&filetype=image%2Cvector&dimensions=&color_mode=&format=psd%2Cai&layer=&resulation=;
#[file]:          ;
#[class]:         ;
#[method]:        ;
#[date]:          2023-10-30 16:15:18;
#[data]:          
api/cv1/product/list=;
#[sql]:
 
            INSERT INTO
                `log_url`
            SET
              `tp_uid`   = '0'
            , `tp_file`  = 'application/control/api.php'
            , `tp_req`   = '/tarhpich/api/cv1/product/list_qupage_isq1_andlimit_isq5_andtotal_isqundefined_andsort_isq0_andsort_type_isqDESC_andq_isq_andq_type_isq_and_type_isqimage_per2Cvector_anddimensions_isq_andcolor_mode_isq_andat_isqpsd_per2Cai_andlayer_isq_andresulation_isq'
            , `tp_class` = 'api'
            , `tp_method`= 'cv1'
            , `tp_ip`    = '::1'
            , `tp_agent` = 'Mozilla/5.0 (X11; Linux x86_64) AppleWebKit/537.36 (KHTML, like Gecko) Chrome/117.0.0.0 Safari/537.36' 
            , `tp_ajax`  = '0'
            , `tp_mac`   = ''
            , `tp_ref`   = 'http://localhost/tarhpich/search_quat_isqpsd_per2Cai_and_type_isqimage_per2Cvector'
            , `tp_date`  = now()
        ;
#______________________________________________________________________
 
 
#[system:error] : insert;
#[error:num]:     1406;
#[error]:         <font color="#FF0000">Data too long for column 'tp_req' at row 1;</font>
#[uid]:           0;
#[ip]:            ::1;
#[page]:          /tarhpich/api/cv1/product/list?page=1&limit=5&total=undefined&sort=0&sort_type=DESC&q=&q_type=&filetype=vector%2Cimage%2Cstock&dimensions=&color_mode=&format=&layer=&resulation=;
#[file]:          ;
#[class]:         ;
#[method]:        ;
#[date]:          2023-10-30 16:22:35;
#[data]:          
api/cv1/product/list=;
#[sql]:
 
            INSERT INTO
                `log_url`
            SET
              `tp_uid`   = '0'
            , `tp_file`  = 'application/control/api.php'
            , `tp_req`   = '/tarhpich/api/cv1/product/list_qupage_isq1_andlimit_isq5_andtotal_isqundefined_andsort_isq0_andsort_type_isqDESC_andq_isq_andq_type_isq_and_type_isqvector_per2Cimage_per2Cstock_anddimensions_isq_andcolor_mode_isq_andat_isq_andlayer_isq_andresulation_isq'
            , `tp_class` = 'api'
            , `tp_method`= 'cv1'
            , `tp_ip`    = '::1'
            , `tp_agent` = 'Mozilla/5.0 (X11; Linux x86_64) AppleWebKit/537.36 (KHTML, like Gecko) Chrome/117.0.0.0 Safari/537.36' 
            , `tp_ajax`  = '0'
            , `tp_mac`   = ''
            , `tp_ref`   = 'http://localhost/tarhpich/search_qu_type_isqvector_per2Cimage_per2Cstock'
            , `tp_date`  = now()
        ;
#______________________________________________________________________
 
 
#[system:error] : insert;
#[error:num]:     1406;
#[error]:         <font color="#FF0000">Data too long for column 'tp_req' at row 1;</font>
#[uid]:           0;
#[ip]:            ::1;
#[page]:          /tarhpich/api/cv1/product/list?page=1&limit=5&total=undefined&sort=0&sort_type=DESC&q=&q_type=&filetype=vector%2Cimage%2Cstock%2Cvideo&dimensions=&color_mode=&format=&layer=&resulation=;
#[file]:          ;
#[class]:         ;
#[method]:        ;
#[date]:          2023-10-30 16:22:36;
#[data]:          
api/cv1/product/list=;
#[sql]:
 
            INSERT INTO
                `log_url`
            SET
              `tp_uid`   = '0'
            , `tp_file`  = 'application/control/api.php'
            , `tp_req`   = '/tarhpich/api/cv1/product/list_qupage_isq1_andlimit_isq5_andtotal_isqundefined_andsort_isq0_andsort_type_isqDESC_andq_isq_andq_type_isq_and_type_isqvector_per2Cimage_per2Cstock_per2Cvideo_anddimensions_isq_andcolor_mode_isq_andat_isq_andlayer_isq_andresulation_isq'
            , `tp_class` = 'api'
            , `tp_method`= 'cv1'
            , `tp_ip`    = '::1'
            , `tp_agent` = 'Mozilla/5.0 (X11; Linux x86_64) AppleWebKit/537.36 (KHTML, like Gecko) Chrome/117.0.0.0 Safari/537.36' 
            , `tp_ajax`  = '0'
            , `tp_mac`   = ''
            , `tp_ref`   = 'http://localhost/tarhpich/search_qu_type_isqvector_per2Cimage_per2Cstock_per2Cvideo'
            , `tp_date`  = now()
        ;
#______________________________________________________________________
 
 
#[system:error] : insert;
#[error:num]:     1406;
#[error]:         <font color="#FF0000">Data too long for column 'tp_req' at row 1;</font>
#[uid]:           0;
#[ip]:            ::1;
#[page]:          /tarhpich/api/cv1/product/list?page=1&limit=5&total=undefined&sort=0&sort_type=DESC&q=&q_type=&filetype=&dimensions=&color_mode=Greyscale%2CRGB&format=psd%2Cai&layer=&resulation=;
#[file]:          ;
#[class]:         ;
#[method]:        ;
#[date]:          2023-10-30 16:23:48;
#[data]:          
api/cv1/product/list=;
#[sql]:
 
            INSERT INTO
                `log_url`
            SET
              `tp_uid`   = '0'
            , `tp_file`  = 'application/control/api.php'
            , `tp_req`   = '/tarhpich/api/cv1/product/list_qupage_isq1_andlimit_isq5_andtotal_isqundefined_andsort_isq0_andsort_type_isqDESC_andq_isq_andq_type_isq_and_type_isq_anddimensions_isq_andcolor_mode_isqGreyscale_per2CRGB_andat_isqpsd_per2Cai_andlayer_isq_andresulation_isq'
            , `tp_class` = 'api'
            , `tp_method`= 'cv1'
            , `tp_ip`    = '::1'
            , `tp_agent` = 'Mozilla/5.0 (X11; Linux x86_64) AppleWebKit/537.36 (KHTML, like Gecko) Chrome/117.0.0.0 Safari/537.36' 
            , `tp_ajax`  = '0'
            , `tp_mac`   = ''
            , `tp_ref`   = 'http://localhost/tarhpich/search_qucolor_mode_isqGreyscale_per2CRGB_andat_isqpsd_per2Cai'
            , `tp_date`  = now()
        ;
#______________________________________________________________________
 
 
#[system:error] : insert;
#[error:num]:     1406;
#[error]:         <font color="#FF0000">Data too long for column 'tp_req' at row 1;</font>
#[uid]:           0;
#[ip]:            ::1;
#[page]:          /tarhpich/api/cv1/product/list?page=1&limit=5&total=undefined&sort=0&sort_type=DESC&q=&q_type=&filetype=&dimensions=&color_mode=Greyscale%2CRGB&format=psd%2Cai&layer=&resulation=;
#[file]:          ;
#[class]:         ;
#[method]:        ;
#[date]:          2023-10-30 16:24:42;
#[data]:          
api/cv1/product/list=;
#[sql]:
 
            INSERT INTO
                `log_url`
            SET
              `tp_uid`   = '0'
            , `tp_file`  = 'application/control/api.php'
            , `tp_req`   = '/tarhpich/api/cv1/product/list_qupage_isq1_andlimit_isq5_andtotal_isqundefined_andsort_isq0_andsort_type_isqDESC_andq_isq_andq_type_isq_and_type_isq_anddimensions_isq_andcolor_mode_isqGreyscale_per2CRGB_andat_isqpsd_per2Cai_andlayer_isq_andresulation_isq'
            , `tp_class` = 'api'
            , `tp_method`= 'cv1'
            , `tp_ip`    = '::1'
            , `tp_agent` = 'Mozilla/5.0 (X11; Linux x86_64) AppleWebKit/537.36 (KHTML, like Gecko) Chrome/117.0.0.0 Safari/537.36' 
            , `tp_ajax`  = '0'
            , `tp_mac`   = ''
            , `tp_ref`   = 'http://localhost/tarhpich/search_qucolor_mode_isqGreyscale_per2CRGB_andat_isqpsd_per2Cai'
            , `tp_date`  = now()
        ;
#______________________________________________________________________
 
 
#[system:error] : insert;
#[error:num]:     1406;
#[error]:         <font color="#FF0000">Data too long for column 'tp_req' at row 1;</font>
#[uid]:           0;
#[ip]:            ::1;
#[page]:          /tarhpich/api/cv1/product/list?page=1&limit=5&total=undefined&sort=0&sort_type=DESC&q=&q_type=&filetype=vector&dimensions=&color_mode=Greyscale%2CRGB&format=psd%2Cai&layer=&resulation=;
#[file]:          ;
#[class]:         ;
#[method]:        ;
#[date]:          2023-10-30 16:24:44;
#[data]:          
api/cv1/product/list=;
#[sql]:
 
            INSERT INTO
                `log_url`
            SET
              `tp_uid`   = '0'
            , `tp_file`  = 'application/control/api.php'
            , `tp_req`   = '/tarhpich/api/cv1/product/list_qupage_isq1_andlimit_isq5_andtotal_isqundefined_andsort_isq0_andsort_type_isqDESC_andq_isq_andq_type_isq_and_type_isqvector_anddimensions_isq_andcolor_mode_isqGreyscale_per2CRGB_andat_isqpsd_per2Cai_andlayer_isq_andresulation_isq'
            , `tp_class` = 'api'
            , `tp_method`= 'cv1'
            , `tp_ip`    = '::1'
            , `tp_agent` = 'Mozilla/5.0 (X11; Linux x86_64) AppleWebKit/537.36 (KHTML, like Gecko) Chrome/117.0.0.0 Safari/537.36' 
            , `tp_ajax`  = '0'
            , `tp_mac`   = ''
            , `tp_ref`   = 'http://localhost/tarhpich/search_qucolor_mode_isqGreyscale_per2CRGB_andat_isqpsd_per2Cai_and_type_isqvector'
            , `tp_date`  = now()
        ;
#______________________________________________________________________
 
 
#[system:error] : insert;
#[error:num]:     1406;
#[error]:         <font color="#FF0000">Data too long for column 'tp_req' at row 1;</font>
#[uid]:           0;
#[ip]:            ::1;
#[page]:          /tarhpich/api/cv1/product/list?page=1&limit=5&total=3&sort=0&sort_type=DESC&q=%D8%A8%D9%86%D8%B1&q_type=&filetype=&dimensions=&color_mode=&format=&layer=&resulation=;
#[file]:          ;
#[class]:         ;
#[method]:        ;
#[date]:          2023-10-31 15:05:56;
#[data]:          
api/cv1/product/list=;
#[sql]:
 
            INSERT INTO
                `log_url`
            SET
              `tp_uid`   = '0'
            , `tp_file`  = 'application/control/api.php'
            , `tp_req`   = '/tarhpich/api/cv1/product/list_qupage_isq1_andlimit_isq5_andtotal_isq3_andsort_isq0_andsort_type_isqDESC_andq_isq_perD8_perA8_perD9_per86_perD8_perB1_andq_type_isq_and_type_isq_anddimensions_isq_andcolor_mode_isq_andat_isq_andlayer_isq_andresulation_isq'
            , `tp_class` = 'api'
            , `tp_method`= 'cv1'
            , `tp_ip`    = '::1'
            , `tp_agent` = 'Mozilla/5.0 (X11; Linux x86_64) AppleWebKit/537.36 (KHTML, like Gecko) Chrome/117.0.0.0 Safari/537.36' 
            , `tp_ajax`  = '0'
            , `tp_mac`   = ''
            , `tp_ref`   = 'http://localhost/tarhpich/search_quq_isq_perD8_perA8_perD9_per86_perD8_perB1'
            , `tp_date`  = now()
        ;
#______________________________________________________________________
 
 
#[system:error] : insert;
#[error:num]:     1406;
#[error]:         <font color="#FF0000">Data too long for column 'tp_req' at row 1;</font>
#[uid]:           0;
#[ip]:            ::1;
#[page]:          /tarhpich/api/cv1/product/list?page=1&limit=5&total=1&sort=0&sort_type=DESC&q=%D8%A8%D9%86%D8%B1&q_type=&filetype=&dimensions=&color_mode=&format=&layer=&resulation=;
#[file]:          ;
#[class]:         ;
#[method]:        ;
#[date]:          2023-10-31 15:06:13;
#[data]:          
api/cv1/product/list=;
#[sql]:
 
            INSERT INTO
                `log_url`
            SET
              `tp_uid`   = '0'
            , `tp_file`  = 'application/control/api.php'
            , `tp_req`   = '/tarhpich/api/cv1/product/list_qupage_isq1_andlimit_isq5_andtotal_isq1_andsort_isq0_andsort_type_isqDESC_andq_isq_perD8_perA8_perD9_per86_perD8_perB1_andq_type_isq_and_type_isq_anddimensions_isq_andcolor_mode_isq_andat_isq_andlayer_isq_andresulation_isq'
            , `tp_class` = 'api'
            , `tp_method`= 'cv1'
            , `tp_ip`    = '::1'
            , `tp_agent` = 'Mozilla/5.0 (X11; Linux x86_64) AppleWebKit/537.36 (KHTML, like Gecko) Chrome/117.0.0.0 Safari/537.36' 
            , `tp_ajax`  = '0'
            , `tp_mac`   = ''
            , `tp_ref`   = 'http://localhost/tarhpich/search_quq_isq_perD8_perA8_perD9_per86_perD8_perB1'
            , `tp_date`  = now()
        ;
#______________________________________________________________________
 
 
#[system:error] : insert;
#[error:num]:     1406;
#[error]:         <font color="#FF0000">Data too long for column 'tp_req' at row 1;</font>
#[uid]:           0;
#[ip]:            ::1;
#[page]:          /tarhpich/api/cv1/product/list?page=1&limit=5&total=3&sort=0&sort_type=DESC&q=%D8%A8%D9%86%D8%B1&q_type=&filetype=&dimensions=&color_mode=&format=&layer=&resulation=;
#[file]:          ;
#[class]:         ;
#[method]:        ;
#[date]:          2023-10-31 15:06:47;
#[data]:          
api/cv1/product/list=;
#[sql]:
 
            INSERT INTO
                `log_url`
            SET
              `tp_uid`   = '0'
            , `tp_file`  = 'application/control/api.php'
            , `tp_req`   = '/tarhpich/api/cv1/product/list_qupage_isq1_andlimit_isq5_andtotal_isq3_andsort_isq0_andsort_type_isqDESC_andq_isq_perD8_perA8_perD9_per86_perD8_perB1_andq_type_isq_and_type_isq_anddimensions_isq_andcolor_mode_isq_andat_isq_andlayer_isq_andresulation_isq'
            , `tp_class` = 'api'
            , `tp_method`= 'cv1'
            , `tp_ip`    = '::1'
            , `tp_agent` = 'Mozilla/5.0 (X11; Linux x86_64) AppleWebKit/537.36 (KHTML, like Gecko) Chrome/117.0.0.0 Safari/537.36' 
            , `tp_ajax`  = '0'
            , `tp_mac`   = ''
            , `tp_ref`   = 'http://localhost/tarhpich/search_quq_isq_perD8_perA8_perD9_per86_perD8_perB1'
            , `tp_date`  = now()
        ;
#______________________________________________________________________
 
 
#[system:error] : insert;
#[error:num]:     1406;
#[error]:         <font color="#FF0000">Data too long for column 'tp_req' at row 1;</font>
#[uid]:           0;
#[ip]:            ::1;
#[page]:          /tarhpich/api/cv1/product/list?page=1&limit=5&total=undefined&sort=0&sort_type=DESC&q=%D8%A8%D9%86%D8%B1&q_type=&filetype=&dimensions=&color_mode=&format=&layer=&resulation=;
#[file]:          ;
#[class]:         ;
#[method]:        ;
#[date]:          2023-10-31 15:08:01;
#[data]:          
api/cv1/product/list=;
#[sql]:
 
            INSERT INTO
                `log_url`
            SET
              `tp_uid`   = '0'
            , `tp_file`  = 'application/control/api.php'
            , `tp_req`   = '/tarhpich/api/cv1/product/list_qupage_isq1_andlimit_isq5_andtotal_isqundefined_andsort_isq0_andsort_type_isqDESC_andq_isq_perD8_perA8_perD9_per86_perD8_perB1_andq_type_isq_and_type_isq_anddimensions_isq_andcolor_mode_isq_andat_isq_andlayer_isq_andresulation_isq'
            , `tp_class` = 'api'
            , `tp_method`= 'cv1'
            , `tp_ip`    = '::1'
            , `tp_agent` = 'Mozilla/5.0 (X11; Linux x86_64) AppleWebKit/537.36 (KHTML, like Gecko) Chrome/117.0.0.0 Safari/537.36' 
            , `tp_ajax`  = '0'
            , `tp_mac`   = ''
            , `tp_ref`   = 'http://localhost/tarhpich/search_quq_isq_perD8_perA8_perD9_per86_perD8_perB1'
            , `tp_date`  = now()
        ;
#______________________________________________________________________
 
 
#[system:error] : insert;
#[error:num]:     1406;
#[error]:         <font color="#FF0000">Data too long for column 'tp_req' at row 1;</font>
#[uid]:           0;
#[ip]:            ::1;
#[page]:          /tarhpich/api/cv1/product/list?page=1&limit=5&total=undefined&sort=0&sort_type=DESC&q=%D8%A8%D9%86%D8%B1&q_type=&filetype=&dimensions=&color_mode=&format=&layer=&resulation=;
#[file]:          ;
#[class]:         ;
#[method]:        ;
#[date]:          2023-10-31 15:16:41;
#[data]:          
api/cv1/product/list=;
#[sql]:
 
            INSERT INTO
                `log_url`
            SET
              `tp_uid`   = '0'
            , `tp_file`  = 'application/control/api.php'
            , `tp_req`   = '/tarhpich/api/cv1/product/list_qupage_isq1_andlimit_isq5_andtotal_isqundefined_andsort_isq0_andsort_type_isqDESC_andq_isq_perD8_perA8_perD9_per86_perD8_perB1_andq_type_isq_and_type_isq_anddimensions_isq_andcolor_mode_isq_andat_isq_andlayer_isq_andresulation_isq'
            , `tp_class` = 'api'
            , `tp_method`= 'cv1'
            , `tp_ip`    = '::1'
            , `tp_agent` = 'Mozilla/5.0 (X11; Linux x86_64) AppleWebKit/537.36 (KHTML, like Gecko) Chrome/117.0.0.0 Safari/537.36'
            , `tp_ajax`  = '0'
            , `tp_mac`   = ''
            , `tp_ref`   = 'http://localhost/tarhpich/search_quq_isq_perD8_perA8_perD9_per86_perD8_perB1'
            , `tp_date`  = now()
        ;
#______________________________________________________________________
 
 
#[system:error] : insert;
#[error:num]:     1406;
#[error]:         <font color="#FF0000">Data too long for column 'tp_req' at row 1;</font>
#[uid]:           0;
#[ip]:            ::1;
#[page]:          /tarhpich/api/cv1/product/list?page=1&limit=5&total=undefined&sort=downloads&sort_type=DESC&q=%D8%A8%D9%86%D8%B1&q_type=&filetype=stock%2Cvideo%2Cvector%2Cstock&dimensions=&color_mode=&format=&layer=&resulation=;
#[file]:          ;
#[class]:         ;
#[method]:        ;
#[date]:          2023-10-31 17:04:02;
#[data]:          
api/cv1/product/list=;
#[sql]:
 
            INSERT INTO
                `log_url`
            SET
              `tp_uid`   = '0'
            , `tp_file`  = 'application/control/api.php'
            , `tp_req`   = '/tarhpich/api/cv1/product/list_qupage_isq1_andlimit_isq5_andtotal_isqundefined_andsort_isqdownloads_andsort_type_isqDESC_andq_isqبنر_andq_type_isq_and_type_isqstock,video,vector,stock_anddimensions_isq_andcolor_mode_isq_andat_isq_andlayer_isq_andresulation_isq'
            , `tp_class` = 'api'
            , `tp_method`= 'cv1'
            , `tp_ip`    = '::1'
            , `tp_agent` = 'Mozilla/5.0 (X11; Linux x86_64) AppleWebKit/537.36 (KHTML, like Gecko) Chrome/117.0.0.0 Safari/537.36'
            , `tp_ajax`  = '0'
            , `tp_mac`   = ''
            , `tp_ref`   = 'http://localhost/tarhpich/search/Cultural-services_quq_isq_perD8_perA8_perD9_per86_perD8_perB1_andsort_isqdownloads_and_type_isqstock_per2Cvideo_per2Cvector_per2Cstock'
            , `tp_date`  = now()
        ;
#______________________________________________________________________
 
 
#[system:error] : insert;
#[error:num]:     1406;
#[error]:         <font color="#FF0000">Data too long for column 'tp_req' at row 1;</font>
#[uid]:           0;
#[ip]:            ::1;
#[page]:          /tarhpich/api/cv1/product/list?page=1&limit=5&total=undefined&sort=downloads&sort_type=DESC&q=%D8%A8%D9%86%D8%B1&q_type=&filetype=stock%2Cvideo%2Cvector%2Cstock%2Cvideo&dimensions=&color_mode=&format=&layer=&resulation=;
#[file]:          ;
#[class]:         ;
#[method]:        ;
#[date]:          2023-10-31 17:04:03;
#[data]:          
api/cv1/product/list=;
#[sql]:
 
            INSERT INTO
                `log_url`
            SET
              `tp_uid`   = '0'
            , `tp_file`  = 'application/control/api.php'
            , `tp_req`   = '/tarhpich/api/cv1/product/list_qupage_isq1_andlimit_isq5_andtotal_isqundefined_andsort_isqdownloads_andsort_type_isqDESC_andq_isqبنر_andq_type_isq_and_type_isqstock,video,vector,stock,video_anddimensions_isq_andcolor_mode_isq_andat_isq_andlayer_isq_andresulation_isq'
            , `tp_class` = 'api'
            , `tp_method`= 'cv1'
            , `tp_ip`    = '::1'
            , `tp_agent` = 'Mozilla/5.0 (X11; Linux x86_64) AppleWebKit/537.36 (KHTML, like Gecko) Chrome/117.0.0.0 Safari/537.36'
            , `tp_ajax`  = '0'
            , `tp_mac`   = ''
            , `tp_ref`   = 'http://localhost/tarhpich/search/Cultural-services_quq_isq_perD8_perA8_perD9_per86_perD8_perB1_andsort_isqdownloads_and_type_isqstock_per2Cvideo_per2Cvector_per2Cstock_per2Cvideo'
            , `tp_date`  = now()
        ;
#______________________________________________________________________
 
 
#[system:error] : insert;
#[error:num]:     1406;
#[error]:         <font color="#FF0000">Data too long for column 'tp_req' at row 1;</font>
#[uid]:           0;
#[ip]:            ::1;
#[page]:          /tarhpich/api/cv1/product/list?page=1&limit=5&total=undefined&sort=downloads&sort_type=DESC&q=&q_type=&filetype=stock%2Cvideo%2Cvector%2Cstock%2Cvideo&dimensions=&color_mode=&format=&layer=&resulation=;
#[file]:          ;
#[class]:         ;
#[method]:        ;
#[date]:          2023-10-31 17:05:50;
#[data]:          
api/cv1/product/list=;
#[sql]:
 
            INSERT INTO
                `log_url`
            SET
              `tp_uid`   = '0'
            , `tp_file`  = 'application/control/api.php'
            , `tp_req`   = '/tarhpich/api/cv1/product/list_qupage_isq1_andlimit_isq5_andtotal_isqundefined_andsort_isqdownloads_andsort_type_isqDESC_andq_isq_andq_type_isq_and_type_isqstock,video,vector,stock,video_anddimensions_isq_andcolor_mode_isq_andat_isq_andlayer_isq_andresulation_isq'
            , `tp_class` = 'api'
            , `tp_method`= 'cv1'
            , `tp_ip`    = '::1'
            , `tp_agent` = 'Mozilla/5.0 (X11; Linux x86_64) AppleWebKit/537.36 (KHTML, like Gecko) Chrome/117.0.0.0 Safari/537.36'
            , `tp_ajax`  = '0'
            , `tp_mac`   = ''
            , `tp_ref`   = 'http://localhost/tarhpich/search/Cultural-services_qusort_isqdownloads_and_type_isqstock_per2Cvideo_per2Cvector_per2Cstock_per2Cvideo'
            , `tp_date`  = now()
        ;
#______________________________________________________________________
 
 
